<?xml version="1.0" encoding="UTF-8"?>
<!-- Generated by org.testng.reporters.JUnitXMLReporter -->
<testsuite ignored="0" hostname="ABID.home" failures="0" tests="4" name="FrameWorkTest" time="55.882" errors="0" timestamp="2020-04-20T20:26:39 EDT">
  <testcase classname="TestCases.RegistrationPageTest" name="navigateToRegistrationPage" time="11.86"/>
  <testcase classname="TestCases.LoginPageTest" name="navigateToHomePage" time="17.39"/>
  <testcase classname="TestCases.LoginPageTest" name="navigateToHomePage" time="10.331"/>
  <testcase classname="TestCases.ValidateTitle" name="valTitle" time="0.036"/>
</testsuite> <!-- FrameWorkTest -->
