<?xml version="1.0" encoding="UTF-8"?>
<!-- Generated by org.testng.reporters.JUnitXMLReporter -->
<testsuite ignored="0" hostname="ABID.home" failures="0" tests="4" name="Test" time="100.546" errors="0" timestamp="2020-04-20T15:33:01 EDT">
  <testcase classname="TestCases.RegistrationPageTest" name="navigateToRegistrationPage" time="25.307"/>
  <testcase classname="TestCases.LoginPageTest" name="navigateToHomePage" time="24.577"/>
  <testcase classname="TestCases.LoginPageTest" name="navigateToHomePage" time="28.412"/>
  <testcase classname="TestCases.ValidateTitle" name="valTitle" time="0.055"/>
</testsuite> <!-- Test -->
