<?xml version="1.0" encoding="UTF-8"?>
<!-- Generated by org.testng.reporters.JUnitXMLReporter -->
<testsuite ignored="0" hostname="ABID.home" failures="1" tests="1" name="TitleValidationApplicationTest" time="7.413" errors="0" timestamp="2020-04-21T18:28:30 EDT">
  <testcase classname="TestCases.ValidateTitle" name="valTitle" time="0.023">
    <failure type="java.lang.AssertionError" message="expected [QA Click Academy,Selenium,Jmeter,SoapUI,Appium,Database testing,QA Training Academy] but found [QA Click Academy | Selenium,Jmeter,SoapUI,Appium,Database testing,QA Training Academy]">
      <![CDATA[java.lang.AssertionError: expected [QA Click Academy,Selenium,Jmeter,SoapUI,Appium,Database testing,QA Training Academy] but found [QA Click Academy | Selenium,Jmeter,SoapUI,Appium,Database testing,QA Training Academy]
at TestCases.ValidateTitle.valTitle(ValidateTitle.java:45)
at java.base/java.util.ArrayList.forEach(ArrayList.java:1507)
... Removed 32 stack frames]]>
    </failure>
  </testcase> <!-- valTitle -->
</testsuite> <!-- TitleValidationApplicationTest -->
