<?xml version="1.0" encoding="UTF-8"?>
<testsuite xmlns:xsi="http://www.w3.org/2001/XMLSchema-instance" xsi:noNamespaceSchemaLocation="https://maven.apache.org/surefire/maven-surefire-plugin/xsd/surefire-test-report.xsd" name="TestSuite" time="99.014" tests="4" errors="0" skipped="0" failures="0">
  <properties>
[...]
</properties>
  <testcase name="navigateToRegistrationPage" classname="TestCases.RegistrationPageTest" time="21.268"/>
  <testcase name="navigateToHomePage" classname="TestCases.LoginPageTest" time="21.908"/>
  <testcase name="navigateToHomePage" classname="TestCases.LoginPageTest" time="27.436"/>
  <testcase name="valTitle" classname="TestCases.ValidateTitle" time="0.013"/>
</testsuite>