<?xml version="1.0" encoding="UTF-8"?>
<testng-results ignored="0" total="4" passed="4" failed="0" skipped="0">
  <reporter-output>
  </reporter-output>
  <suite started-at="2020-04-20T16:46:05 EDT" name="AutomationFrameworkSuite" finished-at="2020-04-20T16:47:43 EDT" duration-ms="97951">
    <groups>
    </groups>
    <test started-at="2020-04-20T16:46:05 EDT" name="Test" finished-at="2020-04-20T16:47:43 EDT" duration-ms="97951">
      <class name="TestCases.ValidateTitle">
        <test-method is-config="true" signature="initial()[pri:0, instance:TestCases.ValidateTitle@210ab13f]" started-at="2020-04-20T16:46:20 EDT" name="initial" finished-at="2020-04-20T16:46:32 EDT" duration-ms="11282" status="PASS">
          <reporter-output>
          </reporter-output>
        </test-method> <!-- initial -->
        <test-method signature="valTitle()[pri:0, instance:TestCases.ValidateTitle@210ab13f]" started-at="2020-04-20T16:47:42 EDT" name="valTitle" finished-at="2020-04-20T16:47:42 EDT" duration-ms="13" status="PASS">
          <reporter-output>
          </reporter-output>
        </test-method> <!-- valTitle -->
        <test-method is-config="true" signature="tearDown()[pri:0, instance:TestCases.ValidateTitle@210ab13f]" started-at="2020-04-20T16:47:43 EDT" name="tearDown" finished-at="2020-04-20T16:47:43 EDT" duration-ms="171" status="PASS">
          <reporter-output>
          </reporter-output>
        </test-method> <!-- tearDown -->
      </class> <!-- TestCases.ValidateTitle -->
      <class name="TestCases.LoginPageTest">
        <test-method is-config="true" signature="initial()[pri:0, instance:TestCases.LoginPageTest@5db6b9cd]" started-at="2020-04-20T16:46:05 EDT" name="initial" finished-at="2020-04-20T16:46:12 EDT" duration-ms="7069" status="PASS">
          <reporter-output>
          </reporter-output>
        </test-method> <!-- initial -->
        <test-method signature="navigateToHomePage(java.lang.String, java.lang.String)[pri:0, instance:TestCases.LoginPageTest@5db6b9cd]" started-at="2020-04-20T16:46:53 EDT" name="navigateToHomePage" data-provider="testData" finished-at="2020-04-20T16:47:15 EDT" duration-ms="21903" status="PASS">
          <params>
            <param index="0">
              <value>
                <![CDATA[abidurrahmannt@gmail.com]]>
              </value>
            </param>
            <param index="1">
              <value>
                <![CDATA[Fahad0358#]]>
              </value>
            </param>
          </params>
          <reporter-output>
          </reporter-output>
        </test-method> <!-- navigateToHomePage -->
        <test-method signature="navigateToHomePage(java.lang.String, java.lang.String)[pri:0, instance:TestCases.LoginPageTest@5db6b9cd]" started-at="2020-04-20T16:47:15 EDT" name="navigateToHomePage" data-provider="testData" finished-at="2020-04-20T16:47:42 EDT" duration-ms="27439" status="PASS">
          <params>
            <param index="0">
              <value>
                <![CDATA[abidur_92@yahoo.com]]>
              </value>
            </param>
            <param index="1">
              <value>
                <![CDATA[Fahad0358#]]>
              </value>
            </param>
          </params>
          <reporter-output>
          </reporter-output>
        </test-method> <!-- navigateToHomePage -->
        <test-method is-config="true" signature="tearDown()[pri:0, instance:TestCases.LoginPageTest@5db6b9cd]" started-at="2020-04-20T16:47:42 EDT" name="tearDown" finished-at="2020-04-20T16:47:43 EDT" duration-ms="258" status="PASS">
          <reporter-output>
          </reporter-output>
        </test-method> <!-- tearDown -->
      </class> <!-- TestCases.LoginPageTest -->
      <class name="TestCases.RegistrationPageTest">
        <test-method is-config="true" signature="initial()[pri:0, instance:TestCases.RegistrationPageTest@6f43c82]" started-at="2020-04-20T16:46:12 EDT" name="initial" finished-at="2020-04-20T16:46:20 EDT" duration-ms="8298" status="PASS">
          <reporter-output>
          </reporter-output>
        </test-method> <!-- initial -->
        <test-method signature="navigateToRegistrationPage()[pri:0, instance:TestCases.RegistrationPageTest@6f43c82]" started-at="2020-04-20T16:46:32 EDT" name="navigateToRegistrationPage" finished-at="2020-04-20T16:46:53 EDT" duration-ms="21258" status="PASS">
          <reporter-output>
          </reporter-output>
        </test-method> <!-- navigateToRegistrationPage -->
        <test-method is-config="true" signature="tearDown()[pri:0, instance:TestCases.RegistrationPageTest@6f43c82]" started-at="2020-04-20T16:47:43 EDT" name="tearDown" finished-at="2020-04-20T16:47:43 EDT" duration-ms="204" status="PASS">
          <reporter-output>
          </reporter-output>
        </test-method> <!-- tearDown -->
      </class> <!-- TestCases.RegistrationPageTest -->
    </test> <!-- Test -->
  </suite> <!-- AutomationFrameworkSuite -->
</testng-results>
