<?xml version="1.0" encoding="UTF-8"?>
<!-- Generated by org.testng.reporters.JUnitXMLReporter -->
<testsuite ignored="0" hostname="ABID.home" failures="0" tests="4" name="Test" time="97.951" errors="0" timestamp="2020-04-20T16:47:43 EDT">
  <testcase classname="TestCases.RegistrationPageTest" name="navigateToRegistrationPage" time="21.258"/>
  <testcase classname="TestCases.LoginPageTest" name="navigateToHomePage" time="21.903"/>
  <testcase classname="TestCases.LoginPageTest" name="navigateToHomePage" time="27.439"/>
  <testcase classname="TestCases.ValidateTitle" name="valTitle" time="0.013"/>
</testsuite> <!-- Test -->
